This file contains any messages produced by compilers while
running configure, to aid debugging if configure makes a mistake.

configure:532: checking for gawk
configure:532: checking for mawk
configure:532: checking for nawk
configure:564: checking for gcc
configure:677: checking whether the C compiler (gcc  ) works
configure:693: gcc -o conftest    conftest.c  1>&5
configure:719: checking whether the C compiler (gcc  ) is a cross-compiler
configure:724: checking whether we are using GNU C
configure:733: gcc -E conftest.c
configure:752: checking whether gcc accepts -g
configure:784: checking how to run the C preprocessor
configure:805: gcc -E  conftest.c >/dev/null 2>conftest.out
configure:866: checking for fstat
configure:900: checking for crypt in -lcrypt
configure:919: gcc -o conftest -g -O2   conftest.c -lcrypt   1>&5
configure:952: checking for dirent.h that defines DIR
configure:965: gcc -c -g -O2  conftest.c 1>&5
configure:990: checking for opendir in -ldir
configure:1009: gcc -o conftest -g -O2   conftest.c -ldir  -lcrypt  1>&5
/usr/bin/ld: cannot find -ldir
configure: failed program was:
#line 998 "configure"
#include "confdefs.h"
/* Override any gcc2 internal prototype to avoid an error.  */
/* We use char because int might match the return type of a gcc2
    builtin and then its argument prototype would still apply.  */
char opendir();

int main() {
opendir()
; return 0; }
configure:1073: checking for ANSI C header files
configure:1086: gcc -E  conftest.c >/dev/null 2>conftest.out
configure:1153: gcc -o conftest -g -O2   conftest.c -lcrypt  1>&5
configure:1181: checking for fcntl.h
configure:1191: gcc -E  conftest.c >/dev/null 2>conftest.out
configure:1181: checking for limits.h
configure:1191: gcc -E  conftest.c >/dev/null 2>conftest.out
configure:1181: checking for sys/file.h
configure:1191: gcc -E  conftest.c >/dev/null 2>conftest.out
configure:1181: checking for sys/time.h
configure:1191: gcc -E  conftest.c >/dev/null 2>conftest.out
configure:1181: checking for unistd.h
configure:1191: gcc -E  conftest.c >/dev/null 2>conftest.out
configure:1181: checking for malloc.h
configure:1191: gcc -E  conftest.c >/dev/null 2>conftest.out
In file included from configure:1187:
/usr/include/malloc.h:3:2: #error "<malloc.h> has been replaced by <stdlib.h>"
configure: failed program was:
#line 1186 "configure"
#include "confdefs.h"
#include <malloc.h>
configure:1181: checking for stdlib.h
configure:1191: gcc -E  conftest.c >/dev/null 2>conftest.out
configure:1181: checking for ndbm.h
configure:1191: gcc -E  conftest.c >/dev/null 2>conftest.out
configure:1181: checking for sys/select.h
configure:1191: gcc -E  conftest.c >/dev/null 2>conftest.out
configure:1218: checking whether sys_errlist is defined
configure:1231: gcc -c -g -O2  conftest.c 1>&5
configure: In function `main':
configure:1227: error: conflicting types for 'sys_errlist'
/usr/include/stdio.h:344: error: previous declaration of 'sys_errlist' was here
configure: failed program was:
#line 1223 "configure"
#include "confdefs.h"
#include <stdio.h>
#include <errno.h>
int main() {
extern char *sys_errlist[];
; return 0; }
configure:1252: checking for off_t
configure:1285: checking whether time.h and sys/time.h may both be included
configure:1299: gcc -c -g -O2  conftest.c 1>&5
configure:1320: checking whether struct tm is in sys/time.h or time.h
configure:1333: gcc -c -g -O2  conftest.c 1>&5
configure:1354: checking whether byte ordering is bigendian
configure:1372: gcc -c -g -O2  conftest.c 1>&5
configure:1387: gcc -c -g -O2  conftest.c 1>&5
configure: In function `main':
configure:1382: error: syntax error before "big"
configure: failed program was:
#line 1376 "configure"
#include "confdefs.h"
#include <sys/types.h>
#include <sys/param.h>
int main() {

#if BYTE_ORDER != BIG_ENDIAN
 not big endian
#endif
; return 0; }
configure:1445: checking whether fdopen is stupid
configure:1493: gcc -o conftest -g -O2   conftest.c -lcrypt  1>&5
configure:1519: checking whether crypt only uses 8 characters
configure:1545: gcc -o conftest -g -O2   conftest.c -lcrypt  1>&5
configure: failed program was:
#line 1529 "configure"
#include "confdefs.h"
#include <stdio.h>
#include <stdlib.h>
#include <unistd.h>
#include <string.h>

main()
{
   char buff[256];

   strcpy(buff, crypt("12345678",  "O2"));
   exit(!strcmp(buff, crypt("123456789", "O2")));
}
      
configure:1571: checking whether rand only gives 16-bit numbers
configure:1590: gcc -o conftest -g -O2   conftest.c -lcrypt  1>&5
configure: failed program was:
#line 1581 "configure"
#include "confdefs.h"
main()
{
   srand(0);
   exit(rand()!=12345);
}
      
configure:1630: checking return type of signal handlers
configure:1652: gcc -c -g -O2  conftest.c 1>&5
configure:1674: checking for gethostname
configure:1702: gcc -o conftest -g -O2   conftest.c -lcrypt  1>&5
configure:1674: checking for mktime
configure:1702: gcc -o conftest -g -O2   conftest.c -lcrypt  1>&5
configure:1674: checking for putenv
configure:1702: gcc -o conftest -g -O2   conftest.c -lcrypt  1>&5
configure:1674: checking for select
configure:1702: gcc -o conftest -g -O2   conftest.c -lcrypt  1>&5
configure:1674: checking for socket
configure:1702: gcc -o conftest -g -O2   conftest.c -lcrypt  1>&5
configure:1674: checking for strftime
configure:1702: gcc -o conftest -g -O2   conftest.c -lcrypt  1>&5
configure:1686: warning: conflicting types for built-in function 'strftime'
configure:1674: checking for strstr
configure:1702: gcc -o conftest -g -O2   conftest.c -lcrypt  1>&5
configure:1686: warning: conflicting types for built-in function 'strstr'
configure:1674: checking for strncasecmp
configure:1702: gcc -o conftest -g -O2   conftest.c -lcrypt  1>&5
configure:1674: checking for cuserid
configure:1702: gcc -o conftest -g -O2   conftest.c -lcrypt  1>&5
/var/tmp//ccZ22E61.o(.text+0xd): In function `main':
/g/kaylene/src/yapp3.1/configure:1696: undefined reference to `cuserid'
configure: failed program was:
#line 1679 "configure"
#include "confdefs.h"
/* System header to define __stub macros and hopefully few prototypes,
    which can conflict with char cuserid(); below.  */
#include <assert.h>
/* Override any gcc2 internal prototype to avoid an error.  */
/* We use char because int might match the return type of a gcc2
    builtin and then its argument prototype would still apply.  */
char cuserid();

int main() {

/* The GNU C library defines this for functions which it implements
    to always fail with ENOSYS.  Some functions are actually named
    something starting with __ and the normal name is an alias.  */
#if defined (__stub_cuserid) || defined (__stub___cuserid)
choke me
#else
cuserid();
#endif

; return 0; }
configure:1674: checking for lockf
configure:1702: gcc -o conftest -g -O2   conftest.c -lcrypt  1>&5
configure:1674: checking for flock
configure:1702: gcc -o conftest -g -O2   conftest.c -lcrypt  1>&5
configure:1674: checking for timelocal
configure:1702: gcc -o conftest -g -O2   conftest.c -lcrypt  1>&5
configure:1674: checking for dbm_open
configure:1702: gcc -o conftest -g -O2   conftest.c -lcrypt  1>&5
configure:1674: checking for sysinfo
configure:1702: gcc -o conftest -g -O2   conftest.c -lcrypt  1>&5
/var/tmp//cc28y78u.o(.text+0xd): In function `main':
/g/kaylene/src/yapp3.1/configure:1696: undefined reference to `sysinfo'
configure: failed program was:
#line 1679 "configure"
#include "confdefs.h"
/* System header to define __stub macros and hopefully few prototypes,
    which can conflict with char sysinfo(); below.  */
#include <assert.h>
/* Override any gcc2 internal prototype to avoid an error.  */
/* We use char because int might match the return type of a gcc2
    builtin and then its argument prototype would still apply.  */
char sysinfo();

int main() {

/* The GNU C library defines this for functions which it implements
    to always fail with ENOSYS.  Some functions are actually named
    something starting with __ and the normal name is an alias.  */
#if defined (__stub_sysinfo) || defined (__stub___sysinfo)
choke me
#else
sysinfo();
#endif

; return 0; }
configure:1674: checking for inet_addr
configure:1702: gcc -o conftest -g -O2   conftest.c -lcrypt  1>&5
configure:1774: checking for inet_network
configure:1802: gcc -o conftest -g -O2   conftest.c -lcrypt  1>&5
